<?xml version="1.0" encoding="UTF-8"?>
<testsuite name="FactotialTest" tests="2" skipped="0" failures="0" errors="0" timestamp="2023-12-14T11:11:56" hostname="DESKTOP-00NIG7O" time="0.031">
  <properties/>
  <testcase name="factorial()" classname="FactotialTest" time="0.028"/>
  <testcase name="factorial2()" classname="FactotialTest" time="0.002"/>
  <system-out><![CDATA[]]></system-out>
  <system-err><![CDATA[]]></system-err>
</testsuite>
